Arguments: 
  /Users/huanghegen/.nvm/versions/node/v14.15.4/bin/node /Users/huanghegen/.nvm/versions/node/v14.15.4/bin/yarn add -D vuepress

PATH: 
  /Users/huanghegen/.nvm/versions/node/v14.15.4/bin:/opt/homebrew/bin:/opt/homebrew/sbin:/usr/local/bin:/usr/bin:/bin:/usr/sbin:/sbin:/opt/homebrew/bin:/opt/homebrew/sbin

Yarn version: 
  1.22.19

Node version: 
  14.15.4

Platform: 
  darwin x64

Trace: 
  Error: https://registry.yarnpkg.com/vuepress: ETIMEDOUT
      at Timeout._onTimeout (/Users/huanghegen/.nvm/versions/node/v14.15.4/lib/node_modules/yarn/lib/cli.js:141550:19)
      at listOnTimeout (internal/timers.js:554:17)
      at processTimers (internal/timers.js:497:7)

npm manifest: 
  {
    "name": "blog",
    "version": "1.0.0",
    "main": "index.js",
    "repository": "https://github.com/2631225507/blog.git",
    "author": "huanghegen <huanghg@one-sports.com>",
    "license": "MIT"
  }

yarn manifest: 
  No manifest

Lockfile: 
  No lockfile
